TN:
SF:gendiff.cjs
FN:9,(anonymous_0)
FN:23,(anonymous_1)
FN:33,(anonymous_2)
FN:37,(anonymous_3)
FN:44,(anonymous_4)
FN:50,(anonymous_5)
FN:54,(anonymous_6)
FN:72,(anonymous_7)
FNF:8
FNH:6
FNDA:0,(anonymous_0)
FNDA:1,(anonymous_1)
FNDA:1,(anonymous_2)
FNDA:2,(anonymous_3)
FNDA:2,(anonymous_4)
FNDA:1,(anonymous_5)
FNDA:8,(anonymous_6)
FNDA:0,(anonymous_7)
DA:3,1
DA:4,1
DA:5,1
DA:6,1
DA:9,1
DA:10,0
DA:11,0
DA:12,0
DA:14,0
DA:15,0
DA:16,0
DA:18,0
DA:23,1
DA:24,1
DA:25,1
DA:27,1
DA:28,1
DA:29,1
DA:31,1
DA:33,1
DA:34,1
DA:37,1
DA:38,2
DA:39,1
DA:40,1
DA:44,1
DA:45,2
DA:46,1
DA:50,1
DA:51,1
DA:54,1
DA:55,8
DA:56,8
DA:57,8
DA:60,1
DA:64,1
DA:66,1
DA:73,0
DA:74,0
DA:75,0
DA:76,0
DA:79,0
DA:81,0
DA:86,1
DA:87,0
DA:91,1
DA:92,0
DA:95,1
LF:48
LH:33
BRDA:11,0,0,0
BRDA:11,0,1,0
BRDA:38,1,0,1
BRDA:38,1,1,1
BRDA:45,2,0,1
BRDA:45,2,1,1
BRDA:86,3,0,0
BRDA:86,3,1,1
BRDA:91,4,0,0
BRDA:91,4,1,1
BRDA:91,5,0,1
BRDA:91,5,1,0
BRF:12
BRH:7
end_of_record
